[0m12:33:43.946257 [debug] [MainThread]: Sending event: {'category': 'dbt', 'action': 'invocation', 'label': 'start', 'context': [<snowplow_tracker.self_describing_json.SelfDescribingJson object at 0x7f74762c7380>, <snowplow_tracker.self_describing_json.SelfDescribingJson object at 0x7f74762c7290>, <snowplow_tracker.self_describing_json.SelfDescribingJson object at 0x7f74762f6b10>]}


============================== 12:33:43.949953 | baa82afe-e396-4c05-a00e-fedf289e2f05 ==============================
[0m12:33:43.949953 [info ] [MainThread]: Running with dbt=1.8.9
[0m12:33:43.950583 [debug] [MainThread]: running dbt with arguments {'printer_width': '80', 'indirect_selection': 'eager', 'log_cache_events': 'False', 'write_json': 'True', 'partial_parse': 'True', 'cache_selected_only': 'False', 'warn_error': 'None', 'fail_fast': 'False', 'profiles_dir': '/home/hd10808/.dbt', 'log_path': 'logs', 'version_check': 'True', 'debug': 'False', 'use_colors': 'True', 'use_experimental_parser': 'False', 'empty': 'None', 'quiet': 'False', 'no_print': 'None', 'log_format': 'default', 'introspect': 'True', 'static_parser': 'True', 'invocation_command': 'dbt init python-test-dbt', 'target_path': 'None', 'warn_error_options': 'WarnErrorOptions(include=[], exclude=[])', 'send_anonymous_usage_stats': 'True'}
[0m12:33:43.959947 [warn ] [MainThread]: [ConfigFolderDirectory]: Unable to parse logging event dictionary. Failed to parse dir field: expected string or bytes-like object, got 'PosixPath'.. Dictionary: {'dir': PosixPath('/home/hd10808/.dbt')}
[0m12:33:43.960407 [info ] [MainThread]: Creating dbt configuration folder at 
[0m12:34:42.005067 [debug] [MainThread]: Starter project path: /home/hd10808/Projects/python-test-dbt/.venv/lib/python3.12/site-packages/dbt/include/starter_project
[0m12:34:42.007603 [info ] [MainThread]: 
Your new dbt project "python_test_dbt" was created!

For more information on how to configure the profiles.yml file,
please consult the dbt documentation here:

  https://docs.getdbt.com/docs/configure-your-profile

One more thing:

Need help? Don't hesitate to reach out to us via GitHub issues or on Slack:

  https://community.getdbt.com/

Happy modeling!

[0m12:34:42.008107 [info ] [MainThread]: Setting up your profile.
[0m12:40:24.298997 [info ] [MainThread]: Profile python_test_dbt written to /home/hd10808/.dbt/profiles.yml using target's profile_template.yml and your supplied values. Run 'dbt debug' to validate the connection.
[0m12:40:24.300414 [debug] [MainThread]: Resource report: {"command_name": "init", "command_success": true, "command_wall_clock_time": 400.4013, "process_in_blocks": "0", "process_kernel_time": 0.084463, "process_mem_max_rss": "106792", "process_out_blocks": "88", "process_user_time": 1.402827}
[0m12:40:24.301149 [debug] [MainThread]: Command `dbt init` succeeded at 12:40:24.301010 after 400.40 seconds
[0m12:40:24.301615 [debug] [MainThread]: Sending event: {'category': 'dbt', 'action': 'invocation', 'label': 'end', 'context': [<snowplow_tracker.self_describing_json.SelfDescribingJson object at 0x7f74765a3740>, <snowplow_tracker.self_describing_json.SelfDescribingJson object at 0x7f7474f89be0>, <snowplow_tracker.self_describing_json.SelfDescribingJson object at 0x7f74762f6b10>]}
[0m12:40:24.302134 [debug] [MainThread]: Flushing usage events
[0m12:40:40.703847 [debug] [MainThread]: Sending event: {'category': 'dbt', 'action': 'invocation', 'label': 'start', 'context': [<snowplow_tracker.self_describing_json.SelfDescribingJson object at 0x7f65085eca40>, <snowplow_tracker.self_describing_json.SelfDescribingJson object at 0x7f6508686810>, <snowplow_tracker.self_describing_json.SelfDescribingJson object at 0x7f6507b52db0>]}


============================== 12:40:40.707126 | 332dbf70-1989-4c68-8919-5a8cc586971c ==============================
[0m12:40:40.707126 [info ] [MainThread]: Running with dbt=1.8.9
[0m12:40:40.707694 [debug] [MainThread]: running dbt with arguments {'printer_width': '80', 'indirect_selection': 'eager', 'log_cache_events': 'False', 'write_json': 'True', 'partial_parse': 'True', 'cache_selected_only': 'False', 'warn_error': 'None', 'version_check': 'True', 'fail_fast': 'False', 'log_path': 'logs', 'debug': 'False', 'profiles_dir': '/home/hd10808/.dbt', 'use_colors': 'True', 'use_experimental_parser': 'False', 'no_print': 'None', 'quiet': 'False', 'empty': 'None', 'log_format': 'default', 'static_parser': 'True', 'introspect': 'True', 'warn_error_options': 'WarnErrorOptions(include=[], exclude=[])', 'target_path': 'None', 'invocation_command': 'dbt debug', 'send_anonymous_usage_stats': 'True'}
[0m12:40:40.716365 [info ] [MainThread]: dbt version: 1.8.9
[0m12:40:40.716739 [info ] [MainThread]: python version: 3.12.7
[0m12:40:40.717054 [info ] [MainThread]: python path: /home/hd10808/Projects/python-test-dbt/.venv/bin/python
[0m12:40:40.717363 [info ] [MainThread]: os info: Linux-5.4.0-200-generic-x86_64-with-glibc2.31
[0m12:40:40.959963 [info ] [MainThread]: Using profiles dir at /home/hd10808/.dbt
[0m12:40:40.960450 [info ] [MainThread]: Using profiles.yml file at /home/hd10808/.dbt/profiles.yml
[0m12:40:40.960752 [info ] [MainThread]: Using dbt_project.yml file at /home/hd10808/Projects/python-test-dbt/dbt_project.yml
[0m12:40:40.961203 [info ] [MainThread]: adapter type: snowflake
[0m12:40:40.961520 [info ] [MainThread]: adapter version: 1.8.4
[0m12:40:40.961817 [info ] [MainThread]: Configuration:
[0m12:40:40.962112 [info ] [MainThread]:   profiles.yml file [[32mOK found and valid[0m]
[0m12:40:40.962393 [info ] [MainThread]:   dbt_project.yml file [[31mERROR not found[0m]
[0m12:40:40.962662 [info ] [MainThread]: Required dependencies:
[0m12:40:40.962961 [debug] [MainThread]: Executing "git --help"
[0m12:40:40.970533 [debug] [MainThread]: STDOUT: "b"usage: git [--version] [--help] [-C <path>] [-c <name>=<value>]\n           [--exec-path[=<path>]] [--html-path] [--man-path] [--info-path]\n           [-p | --paginate | -P | --no-pager] [--no-replace-objects] [--bare]\n           [--git-dir=<path>] [--work-tree=<path>] [--namespace=<name>]\n           <command> [<args>]\n\nThese are common Git commands used in various situations:\n\nstart a working area (see also: git help tutorial)\n   clone             Clone a repository into a new directory\n   init              Create an empty Git repository or reinitialize an existing one\n\nwork on the current change (see also: git help everyday)\n   add               Add file contents to the index\n   mv                Move or rename a file, a directory, or a symlink\n   restore           Restore working tree files\n   rm                Remove files from the working tree and from the index\n   sparse-checkout   Initialize and modify the sparse-checkout\n\nexamine the history and state (see also: git help revisions)\n   bisect            Use binary search to find the commit that introduced a bug\n   diff              Show changes between commits, commit and working tree, etc\n   grep              Print lines matching a pattern\n   log               Show commit logs\n   show              Show various types of objects\n   status            Show the working tree status\n\ngrow, mark and tweak your common history\n   branch            List, create, or delete branches\n   commit            Record changes to the repository\n   merge             Join two or more development histories together\n   rebase            Reapply commits on top of another base tip\n   reset             Reset current HEAD to the specified state\n   switch            Switch branches\n   tag               Create, list, delete or verify a tag object signed with GPG\n\ncollaborate (see also: git help workflows)\n   fetch             Download objects and refs from another repository\n   pull              Fetch from and integrate with another repository or a local branch\n   push              Update remote refs along with associated objects\n\n'git help -a' and 'git help -g' list available subcommands and some\nconcept guides. See 'git help <command>' or 'git help <concept>'\nto read about a specific subcommand or concept.\nSee 'git help git' for an overview of the system.\n""
[0m12:40:40.971876 [debug] [MainThread]: STDERR: "b''"
[0m12:40:40.972823 [info ] [MainThread]:  - git [[32mOK found[0m]

[0m12:40:40.974055 [info ] [MainThread]: Connection:
[0m12:40:40.975062 [info ] [MainThread]:   account: https://qv52412.europe-west3.gcp.snowflakecomputing.com
[0m12:40:40.975976 [info ] [MainThread]:   user: Username
[0m12:40:40.976273 [info ] [MainThread]:   database: DBT_DATABASE
[0m12:40:40.976564 [info ] [MainThread]:   warehouse: FIVETRAN_WAREHOUSE
[0m12:40:40.976849 [info ] [MainThread]:   role: ACCOUNTADMIN
[0m12:40:40.977140 [info ] [MainThread]:   schema: PUBLIC
[0m12:40:40.977430 [info ] [MainThread]:   authenticator: None
[0m12:40:40.977720 [info ] [MainThread]:   oauth_client_id: None
[0m12:40:40.978048 [info ] [MainThread]:   query_tag: None
[0m12:40:40.978586 [info ] [MainThread]:   client_session_keep_alive: False
[0m12:40:40.978971 [info ] [MainThread]:   host: None
[0m12:40:40.979350 [info ] [MainThread]:   port: None
[0m12:40:40.979649 [info ] [MainThread]:   proxy_host: None
[0m12:40:40.979940 [info ] [MainThread]:   proxy_port: None
[0m12:40:40.980226 [info ] [MainThread]:   protocol: None
[0m12:40:40.980511 [info ] [MainThread]:   connect_retries: 1
[0m12:40:40.980800 [info ] [MainThread]:   connect_timeout: None
[0m12:40:40.981084 [info ] [MainThread]:   retry_on_database_errors: False
[0m12:40:40.981385 [info ] [MainThread]:   retry_all: False
[0m12:40:40.981773 [info ] [MainThread]:   insecure_mode: False
[0m12:40:40.982085 [info ] [MainThread]:   reuse_connections: None
[0m12:40:40.982551 [info ] [MainThread]: Registered adapter: snowflake=1.8.4
[0m12:40:41.043127 [debug] [MainThread]: Acquiring new snowflake connection 'debug'
[0m12:40:41.043912 [debug] [MainThread]: Using snowflake connection "debug"
[0m12:40:41.044261 [debug] [MainThread]: On debug: select 1 as id
[0m12:40:41.044594 [debug] [MainThread]: Opening a new connection, currently in state init
[0m12:40:42.064165 [debug] [MainThread]: Snowflake adapter: Error running SQL: select 1 as id
[0m12:40:42.064582 [debug] [MainThread]: Snowflake adapter: Rolling back transaction.
[0m12:40:42.064925 [debug] [MainThread]: On debug: No close available on handle
[0m12:40:42.065479 [info ] [MainThread]:   Connection test: [[31mERROR[0m]

[0m12:40:42.065858 [info ] [MainThread]: [31m2 checks failed:[0m
[0m12:40:42.066174 [info ] [MainThread]: Project loading failed for the following reason:
 project path </home/hd10808/Projects/python-test-dbt/dbt_project.yml> not found

[0m12:40:42.066460 [info ] [MainThread]: dbt was unable to connect to the specified database.
The database returned the following error:

  >Database Error
  250001: Could not connect to Snowflake backend after 2 attempt(s).Aborting

Check your database credentials and try again. For more information, visit:
https://docs.getdbt.com/docs/configure-your-profile


[0m12:40:42.067206 [debug] [MainThread]: Resource report: {"command_name": "debug", "command_success": false, "command_wall_clock_time": 1.4076669, "process_in_blocks": "0", "process_kernel_time": 0.116187, "process_mem_max_rss": "109448", "process_out_blocks": "24", "process_user_time": 1.558518}
[0m12:40:42.067720 [debug] [MainThread]: Command `dbt debug` failed at 12:40:42.067620 after 1.41 seconds
[0m12:40:42.068078 [debug] [MainThread]: Connection 'debug' was properly closed.
[0m12:40:42.068451 [debug] [MainThread]: Sending event: {'category': 'dbt', 'action': 'invocation', 'label': 'end', 'context': [<snowplow_tracker.self_describing_json.SelfDescribingJson object at 0x7f6508343500>, <snowplow_tracker.self_describing_json.SelfDescribingJson object at 0x7f65066517f0>, <snowplow_tracker.self_describing_json.SelfDescribingJson object at 0x7f6507926840>]}
[0m12:40:42.068851 [debug] [MainThread]: Flushing usage events
[0m12:43:39.498591 [debug] [MainThread]: Sending event: {'category': 'dbt', 'action': 'invocation', 'label': 'start', 'context': [<snowplow_tracker.self_describing_json.SelfDescribingJson object at 0x7f7484d4d6a0>, <snowplow_tracker.self_describing_json.SelfDescribingJson object at 0x7f74844024b0>, <snowplow_tracker.self_describing_json.SelfDescribingJson object at 0x7f7485ffdfd0>]}


============================== 12:43:39.502096 | c95320b4-8be4-4712-aa80-2d657ef58a64 ==============================
[0m12:43:39.502096 [info ] [MainThread]: Running with dbt=1.8.9
[0m12:43:39.502691 [debug] [MainThread]: running dbt with arguments {'printer_width': '80', 'indirect_selection': 'eager', 'log_cache_events': 'False', 'write_json': 'True', 'partial_parse': 'True', 'cache_selected_only': 'False', 'warn_error': 'None', 'fail_fast': 'False', 'profiles_dir': '/home/hd10808/.dbt', 'log_path': 'logs', 'debug': 'False', 'version_check': 'True', 'use_colors': 'True', 'use_experimental_parser': 'False', 'no_print': 'None', 'quiet': 'False', 'empty': 'None', 'warn_error_options': 'WarnErrorOptions(include=[], exclude=[])', 'introspect': 'True', 'log_format': 'default', 'invocation_command': 'dbt debug', 'target_path': 'None', 'static_parser': 'True', 'send_anonymous_usage_stats': 'True'}
[0m12:43:39.512258 [info ] [MainThread]: dbt version: 1.8.9
[0m12:43:39.512665 [info ] [MainThread]: python version: 3.12.7
[0m12:43:39.512979 [info ] [MainThread]: python path: /home/hd10808/Projects/python-test-dbt/.venv/bin/python
[0m12:43:39.513285 [info ] [MainThread]: os info: Linux-5.4.0-200-generic-x86_64-with-glibc2.31
[0m12:43:39.773668 [info ] [MainThread]: Using profiles dir at /home/hd10808/.dbt
[0m12:43:39.774183 [info ] [MainThread]: Using profiles.yml file at /home/hd10808/.dbt/profiles.yml
[0m12:43:39.774529 [info ] [MainThread]: Using dbt_project.yml file at /home/hd10808/Projects/python-test-dbt/dbt_project.yml
[0m12:43:39.775031 [info ] [MainThread]: adapter type: snowflake
[0m12:43:39.775367 [info ] [MainThread]: adapter version: 1.8.4
[0m12:43:39.775728 [info ] [MainThread]: Configuration:
[0m12:43:39.776029 [info ] [MainThread]:   profiles.yml file [[32mOK found and valid[0m]
[0m12:43:39.776323 [info ] [MainThread]:   dbt_project.yml file [[31mERROR not found[0m]
[0m12:43:39.776618 [info ] [MainThread]: Required dependencies:
[0m12:43:39.776943 [debug] [MainThread]: Executing "git --help"
[0m12:43:39.780798 [debug] [MainThread]: STDOUT: "b"usage: git [--version] [--help] [-C <path>] [-c <name>=<value>]\n           [--exec-path[=<path>]] [--html-path] [--man-path] [--info-path]\n           [-p | --paginate | -P | --no-pager] [--no-replace-objects] [--bare]\n           [--git-dir=<path>] [--work-tree=<path>] [--namespace=<name>]\n           <command> [<args>]\n\nThese are common Git commands used in various situations:\n\nstart a working area (see also: git help tutorial)\n   clone             Clone a repository into a new directory\n   init              Create an empty Git repository or reinitialize an existing one\n\nwork on the current change (see also: git help everyday)\n   add               Add file contents to the index\n   mv                Move or rename a file, a directory, or a symlink\n   restore           Restore working tree files\n   rm                Remove files from the working tree and from the index\n   sparse-checkout   Initialize and modify the sparse-checkout\n\nexamine the history and state (see also: git help revisions)\n   bisect            Use binary search to find the commit that introduced a bug\n   diff              Show changes between commits, commit and working tree, etc\n   grep              Print lines matching a pattern\n   log               Show commit logs\n   show              Show various types of objects\n   status            Show the working tree status\n\ngrow, mark and tweak your common history\n   branch            List, create, or delete branches\n   commit            Record changes to the repository\n   merge             Join two or more development histories together\n   rebase            Reapply commits on top of another base tip\n   reset             Reset current HEAD to the specified state\n   switch            Switch branches\n   tag               Create, list, delete or verify a tag object signed with GPG\n\ncollaborate (see also: git help workflows)\n   fetch             Download objects and refs from another repository\n   pull              Fetch from and integrate with another repository or a local branch\n   push              Update remote refs along with associated objects\n\n'git help -a' and 'git help -g' list available subcommands and some\nconcept guides. See 'git help <command>' or 'git help <concept>'\nto read about a specific subcommand or concept.\nSee 'git help git' for an overview of the system.\n""
[0m12:43:39.781290 [debug] [MainThread]: STDERR: "b''"
[0m12:43:39.781620 [info ] [MainThread]:  - git [[32mOK found[0m]

[0m12:43:39.781999 [info ] [MainThread]: Connection:
[0m12:43:39.782324 [info ] [MainThread]:   account: https://qv52412.europe-west3.gcp.snowflakecomputing.com
[0m12:43:39.782626 [info ] [MainThread]:   user: Username
[0m12:43:39.782919 [info ] [MainThread]:   database: DBT_DATABASE
[0m12:43:39.783208 [info ] [MainThread]:   warehouse: FIVETRAN_WAREHOUSE
[0m12:43:39.783494 [info ] [MainThread]:   role: ACCOUNTADMIN
[0m12:43:39.783782 [info ] [MainThread]:   schema: PUBLIC
[0m12:43:39.784074 [info ] [MainThread]:   authenticator: None
[0m12:43:39.784371 [info ] [MainThread]:   oauth_client_id: None
[0m12:43:39.784665 [info ] [MainThread]:   query_tag: None
[0m12:43:39.784980 [info ] [MainThread]:   client_session_keep_alive: False
[0m12:43:39.785274 [info ] [MainThread]:   host: None
[0m12:43:39.785596 [info ] [MainThread]:   port: None
[0m12:43:39.785924 [info ] [MainThread]:   proxy_host: None
[0m12:43:39.786239 [info ] [MainThread]:   proxy_port: None
[0m12:43:39.786522 [info ] [MainThread]:   protocol: None
[0m12:43:39.786806 [info ] [MainThread]:   connect_retries: 1
[0m12:43:39.787121 [info ] [MainThread]:   connect_timeout: None
[0m12:43:39.787458 [info ] [MainThread]:   retry_on_database_errors: False
[0m12:43:39.787773 [info ] [MainThread]:   retry_all: False
[0m12:43:39.788084 [info ] [MainThread]:   insecure_mode: False
[0m12:43:39.788394 [info ] [MainThread]:   reuse_connections: None
[0m12:43:39.788891 [info ] [MainThread]: Registered adapter: snowflake=1.8.4
[0m12:43:39.854773 [debug] [MainThread]: Acquiring new snowflake connection 'debug'
[0m12:43:39.855561 [debug] [MainThread]: Using snowflake connection "debug"
[0m12:43:39.855892 [debug] [MainThread]: On debug: select 1 as id
[0m12:43:39.856182 [debug] [MainThread]: Opening a new connection, currently in state init
[0m12:43:40.871942 [debug] [MainThread]: Snowflake adapter: Error running SQL: select 1 as id
[0m12:43:40.872448 [debug] [MainThread]: Snowflake adapter: Rolling back transaction.
[0m12:43:40.872838 [debug] [MainThread]: On debug: No close available on handle
[0m12:43:40.873153 [info ] [MainThread]:   Connection test: [[31mERROR[0m]

[0m12:43:40.873604 [info ] [MainThread]: [31m2 checks failed:[0m
[0m12:43:40.873944 [info ] [MainThread]: Project loading failed for the following reason:
 project path </home/hd10808/Projects/python-test-dbt/dbt_project.yml> not found

[0m12:43:40.874258 [info ] [MainThread]: dbt was unable to connect to the specified database.
The database returned the following error:

  >Database Error
  250001: Could not connect to Snowflake backend after 2 attempt(s).Aborting

Check your database credentials and try again. For more information, visit:
https://docs.getdbt.com/docs/configure-your-profile


[0m12:43:40.875142 [debug] [MainThread]: Resource report: {"command_name": "debug", "command_success": false, "command_wall_clock_time": 1.4231207, "process_in_blocks": "0", "process_kernel_time": 0.095902, "process_mem_max_rss": "109904", "process_out_blocks": "24", "process_user_time": 1.538437}
[0m12:43:40.875792 [debug] [MainThread]: Command `dbt debug` failed at 12:43:40.875672 after 1.42 seconds
[0m12:43:40.876277 [debug] [MainThread]: Connection 'debug' was properly closed.
[0m12:43:40.876689 [debug] [MainThread]: Sending event: {'category': 'dbt', 'action': 'invocation', 'label': 'end', 'context': [<snowplow_tracker.self_describing_json.SelfDescribingJson object at 0x7f7483ef2a80>, <snowplow_tracker.self_describing_json.SelfDescribingJson object at 0x7f7484e5e990>, <snowplow_tracker.self_describing_json.SelfDescribingJson object at 0x7f74826a6570>]}
[0m12:43:40.877102 [debug] [MainThread]: Flushing usage events
[0m12:46:01.086086 [debug] [MainThread]: Sending event: {'category': 'dbt', 'action': 'invocation', 'label': 'start', 'context': [<snowplow_tracker.self_describing_json.SelfDescribingJson object at 0x7fc814ebf6e0>, <snowplow_tracker.self_describing_json.SelfDescribingJson object at 0x7fc81712dd60>, <snowplow_tracker.self_describing_json.SelfDescribingJson object at 0x7fc814ebf890>]}


============================== 12:46:01.089478 | 458697ba-2834-4335-b61f-3e549998ccbb ==============================
[0m12:46:01.089478 [info ] [MainThread]: Running with dbt=1.8.9
[0m12:46:01.090087 [debug] [MainThread]: running dbt with arguments {'printer_width': '80', 'indirect_selection': 'eager', 'log_cache_events': 'False', 'write_json': 'True', 'partial_parse': 'True', 'cache_selected_only': 'False', 'profiles_dir': '/home/hd10808/.dbt', 'version_check': 'True', 'warn_error': 'None', 'log_path': 'logs', 'fail_fast': 'False', 'debug': 'False', 'use_colors': 'True', 'use_experimental_parser': 'False', 'no_print': 'None', 'quiet': 'False', 'empty': 'None', 'log_format': 'default', 'introspect': 'True', 'static_parser': 'True', 'invocation_command': 'dbt debug', 'target_path': 'None', 'warn_error_options': 'WarnErrorOptions(include=[], exclude=[])', 'send_anonymous_usage_stats': 'True'}
[0m12:46:01.099875 [info ] [MainThread]: dbt version: 1.8.9
[0m12:46:01.100309 [info ] [MainThread]: python version: 3.12.7
[0m12:46:01.100627 [info ] [MainThread]: python path: /home/hd10808/Projects/python-test-dbt/.venv/bin/python
[0m12:46:01.100926 [info ] [MainThread]: os info: Linux-5.4.0-200-generic-x86_64-with-glibc2.31
[0m12:46:01.353082 [info ] [MainThread]: Using profiles dir at /home/hd10808/.dbt
[0m12:46:01.353596 [info ] [MainThread]: Using profiles.yml file at /home/hd10808/.dbt/profiles.yml
[0m12:46:01.353917 [info ] [MainThread]: Using dbt_project.yml file at /home/hd10808/Projects/python-test-dbt/dbt_project.yml
[0m12:46:01.354393 [info ] [MainThread]: adapter type: snowflake
[0m12:46:01.354706 [info ] [MainThread]: adapter version: 1.8.4
[0m12:46:01.355008 [info ] [MainThread]: Configuration:
[0m12:46:01.355318 [info ] [MainThread]:   profiles.yml file [[32mOK found and valid[0m]
[0m12:46:01.355615 [info ] [MainThread]:   dbt_project.yml file [[31mERROR not found[0m]
[0m12:46:01.355908 [info ] [MainThread]: Required dependencies:
[0m12:46:01.356256 [debug] [MainThread]: Executing "git --help"
[0m12:46:01.360894 [debug] [MainThread]: STDOUT: "b"usage: git [--version] [--help] [-C <path>] [-c <name>=<value>]\n           [--exec-path[=<path>]] [--html-path] [--man-path] [--info-path]\n           [-p | --paginate | -P | --no-pager] [--no-replace-objects] [--bare]\n           [--git-dir=<path>] [--work-tree=<path>] [--namespace=<name>]\n           <command> [<args>]\n\nThese are common Git commands used in various situations:\n\nstart a working area (see also: git help tutorial)\n   clone             Clone a repository into a new directory\n   init              Create an empty Git repository or reinitialize an existing one\n\nwork on the current change (see also: git help everyday)\n   add               Add file contents to the index\n   mv                Move or rename a file, a directory, or a symlink\n   restore           Restore working tree files\n   rm                Remove files from the working tree and from the index\n   sparse-checkout   Initialize and modify the sparse-checkout\n\nexamine the history and state (see also: git help revisions)\n   bisect            Use binary search to find the commit that introduced a bug\n   diff              Show changes between commits, commit and working tree, etc\n   grep              Print lines matching a pattern\n   log               Show commit logs\n   show              Show various types of objects\n   status            Show the working tree status\n\ngrow, mark and tweak your common history\n   branch            List, create, or delete branches\n   commit            Record changes to the repository\n   merge             Join two or more development histories together\n   rebase            Reapply commits on top of another base tip\n   reset             Reset current HEAD to the specified state\n   switch            Switch branches\n   tag               Create, list, delete or verify a tag object signed with GPG\n\ncollaborate (see also: git help workflows)\n   fetch             Download objects and refs from another repository\n   pull              Fetch from and integrate with another repository or a local branch\n   push              Update remote refs along with associated objects\n\n'git help -a' and 'git help -g' list available subcommands and some\nconcept guides. See 'git help <command>' or 'git help <concept>'\nto read about a specific subcommand or concept.\nSee 'git help git' for an overview of the system.\n""
[0m12:46:01.362504 [debug] [MainThread]: STDERR: "b''"
[0m12:46:01.363448 [info ] [MainThread]:  - git [[32mOK found[0m]

[0m12:46:01.364489 [info ] [MainThread]: Connection:
[0m12:46:01.365477 [info ] [MainThread]:   account: qv52412.europe-west3.gcp
[0m12:46:01.365970 [info ] [MainThread]:   user: Username
[0m12:46:01.366511 [info ] [MainThread]:   database: DBT_DATABASE
[0m12:46:01.367020 [info ] [MainThread]:   warehouse: FIVETRAN_WAREHOUSE
[0m12:46:01.367499 [info ] [MainThread]:   role: ACCOUNTADMIN
[0m12:46:01.367995 [info ] [MainThread]:   schema: PUBLIC
[0m12:46:01.368519 [info ] [MainThread]:   authenticator: None
[0m12:46:01.368992 [info ] [MainThread]:   oauth_client_id: None
[0m12:46:01.369459 [info ] [MainThread]:   query_tag: None
[0m12:46:01.369932 [info ] [MainThread]:   client_session_keep_alive: False
[0m12:46:01.370395 [info ] [MainThread]:   host: None
[0m12:46:01.370853 [info ] [MainThread]:   port: None
[0m12:46:01.371321 [info ] [MainThread]:   proxy_host: None
[0m12:46:01.371771 [info ] [MainThread]:   proxy_port: None
[0m12:46:01.372234 [info ] [MainThread]:   protocol: None
[0m12:46:01.372703 [info ] [MainThread]:   connect_retries: 1
[0m12:46:01.373166 [info ] [MainThread]:   connect_timeout: None
[0m12:46:01.373621 [info ] [MainThread]:   retry_on_database_errors: False
[0m12:46:01.374117 [info ] [MainThread]:   retry_all: False
[0m12:46:01.374588 [info ] [MainThread]:   insecure_mode: False
[0m12:46:01.375043 [info ] [MainThread]:   reuse_connections: None
[0m12:46:01.375781 [info ] [MainThread]: Registered adapter: snowflake=1.8.4
[0m12:46:01.470713 [debug] [MainThread]: Acquiring new snowflake connection 'debug'
[0m12:46:01.471829 [debug] [MainThread]: Using snowflake connection "debug"
[0m12:46:01.472451 [debug] [MainThread]: On debug: select 1 as id
[0m12:46:01.472918 [debug] [MainThread]: Opening a new connection, currently in state init
[0m12:46:02.607405 [debug] [MainThread]: SQL status: SUCCESS 1 in 1.134 seconds
[0m12:46:02.610345 [debug] [MainThread]: On debug: Close
[0m12:46:02.723495 [info ] [MainThread]:   Connection test: [[32mOK connection ok[0m]

[0m12:46:02.724668 [info ] [MainThread]: [31m1 check failed:[0m
[0m12:46:02.725027 [info ] [MainThread]: Project loading failed for the following reason:
 project path </home/hd10808/Projects/python-test-dbt/dbt_project.yml> not found

[0m12:46:02.725817 [debug] [MainThread]: Resource report: {"command_name": "debug", "command_success": false, "command_wall_clock_time": 1.6885087, "process_in_blocks": "0", "process_kernel_time": 0.12491, "process_mem_max_rss": "115320", "process_out_blocks": "1128", "process_user_time": 1.756808}
[0m12:46:02.726389 [debug] [MainThread]: Command `dbt debug` failed at 12:46:02.726278 after 1.69 seconds
[0m12:46:02.726730 [debug] [MainThread]: Connection 'debug' was properly closed.
[0m12:46:02.727058 [debug] [MainThread]: Sending event: {'category': 'dbt', 'action': 'invocation', 'label': 'end', 'context': [<snowplow_tracker.self_describing_json.SelfDescribingJson object at 0x7fc816f4f350>, <snowplow_tracker.self_describing_json.SelfDescribingJson object at 0x7fc814b31760>, <snowplow_tracker.self_describing_json.SelfDescribingJson object at 0x7fc813a5e4e0>]}
[0m12:46:02.727469 [debug] [MainThread]: Flushing usage events
